Flutter crash report; please file at https://github.com/flutter/flutter/issues.

## command

flutter packages get

## exception

YamlException: Error on line 83, column 8: Expected ':'.
  fonts:
       ^

```
#0      Scanner._staleSimpleKeys (package:yaml/src/scanner.dart:491:9)
#1      Scanner._fetchMoreTokens (package:yaml/src/scanner.dart:325:9)
#2      Scanner.peek (package:yaml/src/scanner.dart:317:27)
#3      Parser._parseBlockSequenceEntry (package:yaml/src/parser.dart:355:26)
#4      Parser._stateMachine (package:yaml/src/parser.dart:77:16)
#5      Parser.parse (package:yaml/src/parser.dart:47:19)
#6      Loader._loadSequence (package:yaml/src/loader.dart:142:23)
#7      Loader._loadNode (package:yaml/src/loader.dart:84:16)
#8      Loader._loadMapping (package:yaml/src/loader.dart:165:19)
#9      Loader._loadNode (package:yaml/src/loader.dart:86:16)
#10     Loader._loadMapping (package:yaml/src/loader.dart:165:19)
#11     Loader._loadNode (package:yaml/src/loader.dart:86:16)
#12     Loader._loadDocument (package:yaml/src/loader.dart:62:20)
#13     Loader.load (package:yaml/src/loader.dart:54:20)
#14     loadYamlDocument (package:yaml/yaml.dart:51:25)
#15     loadYamlNode (package:yaml/yaml.dart:42:5)
#16     loadYaml (package:yaml/yaml.dart:34:5)
#17     _pluginFromPubspec (package:flutter_tools/src/plugins.dart:62:27)
#18     findPlugins.<anonymous closure> (package:flutter_tools/src/plugins.dart:85:27)
#19     __InternalLinkedHashMap&_HashVMBase&MapMixin&_LinkedHashMapMixin.forEach (dart:collection/runtime/libcompact_hash.dart:364:8)
#20     findPlugins (package:flutter_tools/src/plugins.dart:83:12)
#21     injectPlugins (package:flutter_tools/src/plugins.dart:284:32)
<asynchronous suspension>
#22     FlutterProject.ensureReadyForPlatformSpecificTooling (package:flutter_tools/src/project.dart:133:11)
<asynchronous suspension>
#23     PackagesGetCommand.runCommand (package:flutter_tools/src/commands/packages.dart:90:28)
<asynchronous suspension>
#24     FlutterCommand.verifyThenRunCommand (package:flutter_tools/src/runner/flutter_command.dart:348:18)
#25     _asyncThenWrapperHelper.<anonymous closure> (dart:async/runtime/libasync_patch.dart:77:64)
#26     _rootRunUnary (dart:async/zone.dart:1132:38)
#27     _CustomZone.runUnary (dart:async/zone.dart:1029:19)
#28     _FutureListener.handleValue (dart:async/future_impl.dart:129:18)
#29     Future._propagateToListeners.handleValueCallback (dart:async/future_impl.dart:642:45)
#30     Future._propagateToListeners (dart:async/future_impl.dart:671:32)
#31     Future._complete (dart:async/future_impl.dart:476:7)
#32     _SyncCompleter.complete (dart:async/future_impl.dart:51:12)
#33     _AsyncAwaitCompleter.complete.<anonymous closure> (dart:async/runtime/libasync_patch.dart:33:20)
#34     _rootRun (dart:async/zone.dart:1124:13)
#35     _CustomZone.run (dart:async/zone.dart:1021:19)
#36     _CustomZone.bindCallback.<anonymous closure> (dart:async/zone.dart:947:23)
#37     _microtaskLoop (dart:async/schedule_microtask.dart:41:21)
#38     _startMicrotaskLoop (dart:async/schedule_microtask.dart:50:5)
#39     _runPendingImmediateCallback (dart:isolate/runtime/libisolate_patch.dart:114:13)
#40     _RawReceivePortImpl._handleMessage (dart:isolate/runtime/libisolate_patch.dart:170:5)
```

## flutter doctor

```
[✓] Flutter (Channel beta, v0.6.0, on Microsoft Windows [Version 10.0.17134.286], locale en-US)
    • Flutter version 0.6.0 at C:\Users\User\flutter
    • Framework revision 9299c02cf7 (7 weeks ago), 2018-08-16 00:35:12 +0200
    • Engine revision e3687f70c7
    • Dart version 2.1.0-dev.0.0.flutter-be6309690f

[✓] Android toolchain - develop for Android devices (Android SDK 28.0.1)
    • Android SDK at C:\Users\User\AppData\Local\Android\Sdk
    • Android NDK location not configured (optional; useful for native profiling support)
    • Platform android-28, build-tools 28.0.1
    • ANDROID_HOME = C:\Users\User\AppData\Local\Android\Sdk
    • Java binary at: C:\Program Files\Android\Android Studio\jre\bin\java
    • Java version OpenJDK Runtime Environment (build 1.8.0_152-release-1024-b02)
    • All Android licenses accepted.

[✓] Android Studio (version 3.1)
    • Android Studio at C:\Program Files\Android\Android Studio
    • Flutter plugin version 28.0.1
    • Dart plugin version 173.4700
    • Java version OpenJDK Runtime Environment (build 1.8.0_152-release-1024-b02)

[!] VS Code, 64-bit edition (version 1.27.2)
    • VS Code at C:\Program Files\Microsoft VS Code
    • Flutter extension not installed; install from
      https://marketplace.visualstudio.com/items?itemName=Dart-Code.flutter

[✓] Connected devices (1 available)
    • Android SDK built for x86 • emulator-5554 • android-x86 • Android 7.1.1 (API 25) (emulator)

! Doctor found issues in 1 category.
```
